<?xml version="1.0" encoding="UTF-8"?>
<testsuite name="com.tutuka.pubsubclient.PubSubClientTest" tests="2" skipped="0" failures="0" errors="0" timestamp="2021-07-25T10:51:27" hostname="shabook.local" time="0.425">
  <properties/>
  <testcase name="Test Payload is failed to published to channel" classname="com.tutuka.pubsubclient.PubSubClientTest" time="0.41"/>
  <testcase name="Test Payload is success to published to channel" classname="com.tutuka.pubsubclient.PubSubClientTest" time="0.014"/>
  <system-out><![CDATA[2021-07-25 16:21:27.031  INFO   --- [    Test worker] org.eclipse.jetty.util.log               : Logging initialized @1243ms to org.eclipse.jetty.util.log.Slf4jLog
2021-07-25 16:21:27.135  INFO   --- [    Test worker] org.eclipse.jetty.server.Server          : jetty-9.4.36.v20210114; built: 2021-01-14T16:44:28.689Z; git: 238ec6997c7806b055319a6d11f8ae7564adc0de; jvm 11.0.11+9
2021-07-25 16:21:27.148  INFO   --- [    Test worker] o.e.jetty.server.handler.ContextHandler  : Started o.e.j.s.ServletContextHandler@1b10688a{/__admin,null,AVAILABLE}
2021-07-25 16:21:27.149  INFO   --- [    Test worker] o.e.jetty.server.handler.ContextHandler  : Started o.e.j.s.ServletContextHandler@51b0260{/,null,AVAILABLE}
2021-07-25 16:21:27.162  INFO   --- [    Test worker] o.e.jetty.server.AbstractConnector       : Started NetworkTrafficServerConnector@1dc2c8da{HTTP/1.1, (http/1.1)}{0.0.0.0:7719}
2021-07-25 16:21:27.163  INFO   --- [    Test worker] org.eclipse.jetty.server.Server          : Started @1377ms
2021-07-25 16:21:27.505  INFO   --- [tp1471481294-23] o.e.j.s.handler.ContextHandler.ROOT      : RequestHandlerClass from context returned com.github.tomakehurst.wiremock.http.StubRequestHandler. Normalized mapped under returned 'null'
2021-07-25 16:21:27.529  INFO   --- [tp1471481294-23] o.e.j.s.handler.ContextHandler.__admin   : RequestHandlerClass from context returned com.github.tomakehurst.wiremock.http.AdminRequestHandler. Normalized mapped under returned 'null'
2021-07-25 16:21:27.559 ERROR   --- [tp1471481294-23] WireMock                                 : 
                                               Request was not matched
                                               =======================

-----------------------------------------------------------------------------------------------------------------------
| Closest stub                                             | Request                                                  |
-----------------------------------------------------------------------------------------------------------------------
                                                           |
POST                                                       | POST
/TEST1                                                     | /TEST_ERROR_CHANNEL                                 <<<<< URL does not match
                                                           |
Content-Type: application/json                             | Content-Type: application/json
Accept: application/json                                   | Accept: application/json
                                                           |
                                                           |
-----------------------------------------------------------------------------------------------------------------------

2021-07-25 16:21:27.600  INFO   --- [    Test worker] o.e.jetty.server.AbstractConnector       : Stopped NetworkTrafficServerConnector@1dc2c8da{HTTP/1.1, (http/1.1)}{0.0.0.0:7719}
2021-07-25 16:21:27.601  INFO   --- [    Test worker] o.e.jetty.server.handler.ContextHandler  : Stopped o.e.j.s.ServletContextHandler@51b0260{/,null,STOPPED}
2021-07-25 16:21:27.602  INFO   --- [    Test worker] o.e.jetty.server.handler.ContextHandler  : Stopped o.e.j.s.ServletContextHandler@1b10688a{/__admin,null,STOPPED}
]]></system-out>
  <system-err><![CDATA[]]></system-err>
</testsuite>
